0 info it worked if it ends with ok
1 verbose cli [ 'C:\\Program Files\\nodejs\\node.exe',
1 verbose cli   'C:\\Program Files\\nodejs\\node_modules\\npm\\bin\\npm-cli.js',
1 verbose cli   'run',
1 verbose cli   'features' ]
2 info using npm@3.8.3
3 info using node@v5.10.0
4 verbose run-script [ 'prefeatures', 'features', 'postfeatures' ]
5 info lifecycle javascript-atdd-workspace@1.0.0~prefeatures: javascript-atdd-workspace@1.0.0
6 silly lifecycle javascript-atdd-workspace@1.0.0~prefeatures: no script for prefeatures, continuing
7 info lifecycle javascript-atdd-workspace@1.0.0~features: javascript-atdd-workspace@1.0.0
8 verbose lifecycle javascript-atdd-workspace@1.0.0~features: unsafe-perm in lifecycle true
9 verbose lifecycle javascript-atdd-workspace@1.0.0~features: PATH: C:\Program Files\nodejs\node_modules\npm\bin\node-gyp-bin;C:\codebase\JS_ATDD\javascript-atdd-workspace\node_modules\.bin;C:\Program Files\nodejs;C:\Program Files (x86)\Java\jre7;C:\Windows\system32;C:\Windows;C:\Windows\System32\Wbem;C:\Windows\System32\WindowsPowerShell\v1.0\;C:\Program Files (x86)\Intel\OpenCL SDK\2.0\bin\x86;C:\Program Files (x86)\Intel\OpenCL SDK\2.0\bin\x64;C:\Program Files (x86)\Heroku\bin;C:\Program Files (x86)\git\cmd;C:\Program Files\Intel\WiFi\bin\;C:\Program Files\Common Files\Intel\WirelessCommon\;C:\Program Files (x86)\Brackets\command;C:\Program Files\nodejs\;C:\Program Files\Git\cmd;C:\Program Files\Intel\WiFi\bin\;C:\Program Files\Common Files\Intel\WirelessCommon\;C:\Users\Layne\AppData\Local\atom\bin;C:\Users\Layne\AppData\Roaming\npm
10 verbose lifecycle javascript-atdd-workspace@1.0.0~features: CWD: C:\codebase\JS_ATDD\javascript-atdd-workspace
11 silly lifecycle javascript-atdd-workspace@1.0.0~features: Args: [ '/d /s /c',
11 silly lifecycle   'cucumber-js --compiler js:babel-core/register --require ./features/support/after_hooks.js -r ./steps' ]
12 silly lifecycle javascript-atdd-workspace@1.0.0~features: Returned: code: 1  signal: null
13 info lifecycle javascript-atdd-workspace@1.0.0~features: Failed to exec features script
14 verbose stack Error: javascript-atdd-workspace@1.0.0 features: `cucumber-js --compiler js:babel-core/register --require ./features/support/after_hooks.js -r ./steps`
14 verbose stack Exit status 1
14 verbose stack     at EventEmitter.<anonymous> (C:\Program Files\nodejs\node_modules\npm\lib\utils\lifecycle.js:239:16)
14 verbose stack     at emitTwo (events.js:100:13)
14 verbose stack     at EventEmitter.emit (events.js:185:7)
14 verbose stack     at ChildProcess.<anonymous> (C:\Program Files\nodejs\node_modules\npm\lib\utils\spawn.js:24:14)
14 verbose stack     at emitTwo (events.js:100:13)
14 verbose stack     at ChildProcess.emit (events.js:185:7)
14 verbose stack     at maybeClose (internal/child_process.js:850:16)
14 verbose stack     at Process.ChildProcess._handle.onexit (internal/child_process.js:215:5)
15 verbose pkgid javascript-atdd-workspace@1.0.0
16 verbose cwd C:\codebase\JS_ATDD\javascript-atdd-workspace
17 error Windows_NT 6.1.7601
18 error argv "C:\\Program Files\\nodejs\\node.exe" "C:\\Program Files\\nodejs\\node_modules\\npm\\bin\\npm-cli.js" "run" "features"
19 error node v5.10.0
20 error npm  v3.8.3
21 error code ELIFECYCLE
22 error javascript-atdd-workspace@1.0.0 features: `cucumber-js --compiler js:babel-core/register --require ./features/support/after_hooks.js -r ./steps`
22 error Exit status 1
23 error Failed at the javascript-atdd-workspace@1.0.0 features script 'cucumber-js --compiler js:babel-core/register --require ./features/support/after_hooks.js -r ./steps'.
23 error Make sure you have the latest version of node.js and npm installed.
23 error If you do, this is most likely a problem with the javascript-atdd-workspace package,
23 error not with npm itself.
23 error Tell the author that this fails on your system:
23 error     cucumber-js --compiler js:babel-core/register --require ./features/support/after_hooks.js -r ./steps
23 error You can get information on how to open an issue for this project with:
23 error     npm bugs javascript-atdd-workspace
23 error Or if that isn't available, you can get their info via:
23 error     npm owner ls javascript-atdd-workspace
23 error There is likely additional logging output above.
24 verbose exit [ 1, true ]
